<?xml version="1.0" encoding="UTF-8"?>
<testng-results skipped="0" failed="0" ignored="0" total="5" passed="5">
  <reporter-output>
  </reporter-output>
  <suite name="Default suite" duration-ms="90966" started-at="2022-12-05T11:35:46 IST" finished-at="2022-12-05T11:37:17 IST">
    <groups>
    </groups>
    <test name="Default test" duration-ms="90966" started-at="2022-12-05T11:35:46 IST" finished-at="2022-12-05T11:37:17 IST">
      <class name="com.testscripts.TestingPage">
        <test-method status="PASS" signature="launchBrowser()[pri:0, instance:com.testscripts.TestingPage@1990a65e]" name="launchBrowser" is-config="true" duration-ms="8645" started-at="2022-12-05T11:35:46 IST" finished-at="2022-12-05T11:35:54 IST">
          <reporter-output>
          </reporter-output>
        </test-method> <!-- launchBrowser -->
        <test-method status="PASS" signature="positiveScenarioUser()[pri:0, instance:com.testscripts.TestingPage@1990a65e]" name="positiveScenarioUser" duration-ms="32946" started-at="2022-12-05T11:35:55 IST" finished-at="2022-12-05T11:36:27 IST">
          <reporter-output>
          </reporter-output>
        </test-method> <!-- positiveScenarioUser -->
        <test-method status="PASS" signature="positiveScenarioAdmin()[pri:1, instance:com.testscripts.TestingPage@1990a65e]" name="positiveScenarioAdmin" duration-ms="25017" started-at="2022-12-05T11:36:28 IST" finished-at="2022-12-05T11:36:53 IST">
          <reporter-output>
          </reporter-output>
        </test-method> <!-- positiveScenarioAdmin -->
        <test-method status="PASS" signature="addCategoryValidationUItoDB()[pri:2, instance:com.testscripts.TestingPage@1990a65e]" name="addCategoryValidationUItoDB" duration-ms="17970" started-at="2022-12-05T11:36:53 IST" finished-at="2022-12-05T11:37:11 IST">
          <reporter-output>
          </reporter-output>
        </test-method> <!-- addCategoryValidationUItoDB -->
        <test-method status="PASS" signature="addCategoryValidationDBtoUI()[pri:3, instance:com.testscripts.TestingPage@1990a65e]" name="addCategoryValidationDBtoUI" duration-ms="187" started-at="2022-12-05T11:37:11 IST" finished-at="2022-12-05T11:37:11 IST">
          <reporter-output>
          </reporter-output>
        </test-method> <!-- addCategoryValidationDBtoUI -->
        <test-method status="PASS" signature="NegativeScenarioTesting()[pri:4, instance:com.testscripts.TestingPage@1990a65e]" name="NegativeScenarioTesting" duration-ms="5203" started-at="2022-12-05T11:37:11 IST" finished-at="2022-12-05T11:37:16 IST">
          <reporter-output>
          </reporter-output>
        </test-method> <!-- NegativeScenarioTesting -->
        <test-method status="PASS" signature="closeBrowser()[pri:0, instance:com.testscripts.TestingPage@1990a65e]" name="closeBrowser" is-config="true" duration-ms="895" started-at="2022-12-05T11:37:16 IST" finished-at="2022-12-05T11:37:17 IST">
          <reporter-output>
          </reporter-output>
        </test-method> <!-- closeBrowser -->
      </class> <!-- com.testscripts.TestingPage -->
    </test> <!-- Default test -->
  </suite> <!-- Default suite -->
</testng-results>
