<?xml version="1.0" encoding="UTF-8"?>
<!-- Generated by org.testng.reporters.JUnitXMLReporter -->
<testsuite hostname="LAPTOP-L3E45IIB" ignored="0" name="Default test" tests="5" failures="0" timestamp="2022-12-05T11:37:17 IST" time="90.966" errors="0">
  <testcase name="positiveScenarioUser" time="32.946" classname="com.testscripts.TestingPage"/>
  <testcase name="positiveScenarioAdmin" time="25.017" classname="com.testscripts.TestingPage"/>
  <testcase name="addCategoryValidationUItoDB" time="17.97" classname="com.testscripts.TestingPage"/>
  <testcase name="addCategoryValidationDBtoUI" time="0.187" classname="com.testscripts.TestingPage"/>
  <testcase name="NegativeScenarioTesting" time="5.203" classname="com.testscripts.TestingPage"/>
</testsuite> <!-- Default test -->
